

OCLint Report

Summary: TotalFiles=23 FilesWithViolations=10 P1=0 P2=54 P3=65 

/home/p230198/GitHubs/SearchAndDestroyChess/chess_board.cpp:94:1: high cyclomatic complexity [size|P2] Cyclomatic Complexity Number 20 exceeds limit of 10
/home/p230198/GitHubs/SearchAndDestroyChess/chess_board.cpp:151:1: high cyclomatic complexity [size|P2] Cyclomatic Complexity Number 12 exceeds limit of 10
/home/p230198/GitHubs/SearchAndDestroyChess/chess_board.cpp:175:1: high cyclomatic complexity [size|P2] Cyclomatic Complexity Number 13 exceeds limit of 10
/home/p230198/GitHubs/SearchAndDestroyChess/chess_board.cpp:240:1: high cyclomatic complexity [size|P2] Cyclomatic Complexity Number 11 exceeds limit of 10
/home/p230198/GitHubs/SearchAndDestroyChess/chess_board.cpp:275:1: high cyclomatic complexity [size|P2] Cyclomatic Complexity Number 12 exceeds limit of 10
/home/p230198/GitHubs/SearchAndDestroyChess/chess_board.cpp:313:1: high cyclomatic complexity [size|P2] Cyclomatic Complexity Number 32 exceeds limit of 10
/home/p230198/GitHubs/SearchAndDestroyChess/chess_board.cpp:452:1: high cyclomatic complexity [size|P2] Cyclomatic Complexity Number 34 exceeds limit of 10
/home/p230198/GitHubs/SearchAndDestroyChess/chess_board.cpp:554:1: high cyclomatic complexity [size|P2] Cyclomatic Complexity Number 35 exceeds limit of 10
/home/p230198/GitHubs/SearchAndDestroyChess/chess_board.cpp:672:1: high cyclomatic complexity [size|P2] Cyclomatic Complexity Number 19 exceeds limit of 10
/home/p230198/GitHubs/SearchAndDestroyChess/chess_board.cpp:760:1: high cyclomatic complexity [size|P2] Cyclomatic Complexity Number 15 exceeds limit of 10
/home/p230198/GitHubs/SearchAndDestroyChess/chess_board.cpp:847:1: high cyclomatic complexity [size|P2] Cyclomatic Complexity Number 31 exceeds limit of 10
/home/p230198/GitHubs/SearchAndDestroyChess/chess_board.cpp:1011:1: high cyclomatic complexity [size|P2] Cyclomatic Complexity Number 33 exceeds limit of 10
/home/p230198/GitHubs/SearchAndDestroyChess/chess_board.cpp:63:11: unnecessary else statement [redundant|P3] 
/home/p230198/GitHubs/SearchAndDestroyChess/chess_board.cpp:94:1: long method [size|P3] Method with 55 lines exceeds limit of 50
/home/p230198/GitHubs/SearchAndDestroyChess/chess_board.cpp:313:1: long method [size|P3] Method with 90 lines exceeds limit of 50
/home/p230198/GitHubs/SearchAndDestroyChess/chess_board.cpp:452:1: long method [size|P3] Method with 99 lines exceeds limit of 50
/home/p230198/GitHubs/SearchAndDestroyChess/chess_board.cpp:554:1: long method [size|P3] Method with 115 lines exceeds limit of 50
/home/p230198/GitHubs/SearchAndDestroyChess/chess_board.cpp:672:1: long method [size|P3] Method with 85 lines exceeds limit of 50
/home/p230198/GitHubs/SearchAndDestroyChess/chess_board.cpp:760:1: long method [size|P3] Method with 84 lines exceeds limit of 50
/home/p230198/GitHubs/SearchAndDestroyChess/chess_board.cpp:847:1: long method [size|P3] Method with 161 lines exceeds limit of 50
/home/p230198/GitHubs/SearchAndDestroyChess/chess_board.cpp:1011:1: long method [size|P3] Method with 124 lines exceeds limit of 50
/home/p230198/GitHubs/SearchAndDestroyChess/chess_board.cpp:151:1: high npath complexity [size|P2] NPath Complexity Number 224 exceeds limit of 200
/home/p230198/GitHubs/SearchAndDestroyChess/chess_board.cpp:175:1: high npath complexity [size|P2] NPath Complexity Number 448 exceeds limit of 200
/home/p230198/GitHubs/SearchAndDestroyChess/chess_board.cpp:313:1: high npath complexity [size|P2] NPath Complexity Number 3415 exceeds limit of 200
/home/p230198/GitHubs/SearchAndDestroyChess/chess_board.cpp:452:1: high npath complexity [size|P2] NPath Complexity Number 1536 exceeds limit of 200
/home/p230198/GitHubs/SearchAndDestroyChess/chess_board.cpp:554:1: high npath complexity [size|P2] NPath Complexity Number 390625 exceeds limit of 200
/home/p230198/GitHubs/SearchAndDestroyChess/chess_board.cpp:672:1: high npath complexity [size|P2] NPath Complexity Number 1296 exceeds limit of 200
/home/p230198/GitHubs/SearchAndDestroyChess/chess_board.cpp:760:1: high npath complexity [size|P2] NPath Complexity Number 625 exceeds limit of 200
/home/p230198/GitHubs/SearchAndDestroyChess/chess_board.cpp:847:1: high npath complexity [size|P2] NPath Complexity Number 810000 exceeds limit of 200
/home/p230198/GitHubs/SearchAndDestroyChess/chess_board.cpp:1011:1: high npath complexity [size|P2] NPath Complexity Number 640000 exceeds limit of 200
/home/p230198/GitHubs/SearchAndDestroyChess/chess_board.cpp:47:10: useless parentheses [redundant|P3] 
/home/p230198/GitHubs/SearchAndDestroyChess/chess_board.cpp:154:17: useless parentheses [redundant|P3] 
/home/p230198/GitHubs/SearchAndDestroyChess/chess_board.cpp:178:17: useless parentheses [redundant|P3] 
/home/p230198/GitHubs/SearchAndDestroyChess/chess_board.cpp:243:22: useless parentheses [redundant|P3] 
/home/p230198/GitHubs/SearchAndDestroyChess/chess_board.cpp:244:22: useless parentheses [redundant|P3] 
/home/p230198/GitHubs/SearchAndDestroyChess/chess_board.cpp:245:22: useless parentheses [redundant|P3] 
/home/p230198/GitHubs/SearchAndDestroyChess/chess_board.cpp:246:22: useless parentheses [redundant|P3] 
/home/p230198/GitHubs/SearchAndDestroyChess/chess_board.cpp:247:22: useless parentheses [redundant|P3] 
/home/p230198/GitHubs/SearchAndDestroyChess/chess_board.cpp:248:22: useless parentheses [redundant|P3] 
/home/p230198/GitHubs/SearchAndDestroyChess/chess_board.cpp:281:22: useless parentheses [redundant|P3] 
/home/p230198/GitHubs/SearchAndDestroyChess/chess_board.cpp:282:22: useless parentheses [redundant|P3] 
/home/p230198/GitHubs/SearchAndDestroyChess/chess_board.cpp:283:22: useless parentheses [redundant|P3] 
/home/p230198/GitHubs/SearchAndDestroyChess/chess_board.cpp:284:22: useless parentheses [redundant|P3] 
/home/p230198/GitHubs/SearchAndDestroyChess/chess_board.cpp:285:22: useless parentheses [redundant|P3] 
/home/p230198/GitHubs/SearchAndDestroyChess/chess_board.cpp:286:22: useless parentheses [redundant|P3] 
/home/p230198/GitHubs/SearchAndDestroyChess/chess_board.cpp:689:14: inverted logic [convention|P3] 
/home/p230198/GitHubs/SearchAndDestroyChess/chess_board.cpp:708:14: inverted logic [convention|P3] 
/home/p230198/GitHubs/SearchAndDestroyChess/chess_board.cpp:727:14: inverted logic [convention|P3] 
/home/p230198/GitHubs/SearchAndDestroyChess/chess_board.cpp:746:14: inverted logic [convention|P3] 
/home/p230198/GitHubs/SearchAndDestroyChess/chess_board.cpp:777:14: inverted logic [convention|P3] 
/home/p230198/GitHubs/SearchAndDestroyChess/chess_board.cpp:795:14: inverted logic [convention|P3] 
/home/p230198/GitHubs/SearchAndDestroyChess/chess_board.cpp:814:14: inverted logic [convention|P3] 
/home/p230198/GitHubs/SearchAndDestroyChess/chess_board.cpp:833:14: inverted logic [convention|P3] 
/home/p230198/GitHubs/SearchAndDestroyChess/chess_board.cpp:865:14: inverted logic [convention|P3] 
/home/p230198/GitHubs/SearchAndDestroyChess/chess_board.cpp:884:14: inverted logic [convention|P3] 
/home/p230198/GitHubs/SearchAndDestroyChess/chess_board.cpp:903:14: inverted logic [convention|P3] 
/home/p230198/GitHubs/SearchAndDestroyChess/chess_board.cpp:922:14: inverted logic [convention|P3] 
/home/p230198/GitHubs/SearchAndDestroyChess/chess_board.cpp:941:14: inverted logic [convention|P3] 
/home/p230198/GitHubs/SearchAndDestroyChess/chess_board.cpp:959:14: inverted logic [convention|P3] 
/home/p230198/GitHubs/SearchAndDestroyChess/chess_board.cpp:978:14: inverted logic [convention|P3] 
/home/p230198/GitHubs/SearchAndDestroyChess/chess_board.cpp:997:14: inverted logic [convention|P3] 
/home/p230198/GitHubs/SearchAndDestroyChess/chess_board.cpp:67:3: constant conditional operator [basic|P2] 
/home/p230198/GitHubs/SearchAndDestroyChess/chess_board.cpp:448:3: constant conditional operator [basic|P2] 
/home/p230198/GitHubs/SearchAndDestroyChess/chess_board.cpp:314:1: deep nested block [size|P3] Block depth of 6 exceeds limit of 5
/home/p230198/GitHubs/SearchAndDestroyChess/chess_board.cpp:335:7: use early exits and continue [convention|P3] Use early exit/continue to simplify code and reduce indentation
/home/p230198/GitHubs/SearchAndDestroyChess/chess_board.cpp:200:1: high ncss method [size|P2] Method of 35 non-commenting source statements exceeds limit of 30
/home/p230198/GitHubs/SearchAndDestroyChess/chess_board.cpp:313:1: high ncss method [size|P2] Method of 42 non-commenting source statements exceeds limit of 30
/home/p230198/GitHubs/SearchAndDestroyChess/chess_board.cpp:452:1: high ncss method [size|P2] Method of 36 non-commenting source statements exceeds limit of 30
/home/p230198/GitHubs/SearchAndDestroyChess/chess_board.cpp:554:1: high ncss method [size|P2] Method of 54 non-commenting source statements exceeds limit of 30
/home/p230198/GitHubs/SearchAndDestroyChess/chess_board.cpp:672:1: high ncss method [size|P2] Method of 42 non-commenting source statements exceeds limit of 30
/home/p230198/GitHubs/SearchAndDestroyChess/chess_board.cpp:760:1: high ncss method [size|P2] Method of 42 non-commenting source statements exceeds limit of 30
/home/p230198/GitHubs/SearchAndDestroyChess/chess_board.cpp:847:1: high ncss method [size|P2] Method of 78 non-commenting source statements exceeds limit of 30
/home/p230198/GitHubs/SearchAndDestroyChess/chess_board.cpp:1011:1: high ncss method [size|P2] Method of 58 non-commenting source statements exceeds limit of 30
/home/p230198/GitHubs/SearchAndDestroyChess/chess_move.cpp:5:10: useless parentheses [redundant|P3] 
/home/p230198/GitHubs/SearchAndDestroyChess/chess_piece.cpp:19:10: useless parentheses [redundant|P3] 
/home/p230198/GitHubs/SearchAndDestroyChess/coordinat_getter.cpp:10:3: unnecessary else statement [redundant|P3] 
/home/p230198/GitHubs/SearchAndDestroyChess/coordinat_getter.cpp:22:3: unnecessary else statement [redundant|P3] 
/home/p230198/GitHubs/SearchAndDestroyChess/game.cpp:166:3: missing break in switch statement [convention|P2] 
/home/p230198/GitHubs/SearchAndDestroyChess/game.cpp:105:1: high cyclomatic complexity [size|P2] Cyclomatic Complexity Number 15 exceeds limit of 10
/home/p230198/GitHubs/SearchAndDestroyChess/game.cpp:146:1: high cyclomatic complexity [size|P2] Cyclomatic Complexity Number 56 exceeds limit of 10
/home/p230198/GitHubs/SearchAndDestroyChess/game.cpp:146:1: long method [size|P3] Method with 101 lines exceeds limit of 50
/home/p230198/GitHubs/SearchAndDestroyChess/game.cpp:105:1: high npath complexity [size|P2] NPath Complexity Number 4097 exceeds limit of 200
/home/p230198/GitHubs/SearchAndDestroyChess/game.cpp:146:1: high npath complexity [size|P2] NPath Complexity Number 15116544 exceeds limit of 200
/home/p230198/GitHubs/SearchAndDestroyChess/game.cpp:155:19: useless parentheses [redundant|P3] 
/home/p230198/GitHubs/SearchAndDestroyChess/game.cpp:161:19: useless parentheses [redundant|P3] 
/home/p230198/GitHubs/SearchAndDestroyChess/game.cpp:176:23: useless parentheses [redundant|P3] 
/home/p230198/GitHubs/SearchAndDestroyChess/game.cpp:117:3: use early exits and continue [convention|P3] Use early exit/continue to simplify code and reduce indentation
/home/p230198/GitHubs/SearchAndDestroyChess/game.cpp:105:1: high ncss method [size|P2] Method of 35 non-commenting source statements exceeds limit of 30
/home/p230198/GitHubs/SearchAndDestroyChess/game.cpp:146:1: high ncss method [size|P2] Method of 159 non-commenting source statements exceeds limit of 30
/home/p230198/GitHubs/SearchAndDestroyChess/game_dialog.cpp:113:1: long line [size|P3] Line with 114 characters exceeds limit of 100
/home/p230198/GitHubs/SearchAndDestroyChess/game_dialog.cpp:281:3: missing break in switch statement [convention|P2] 
/home/p230198/GitHubs/SearchAndDestroyChess/game_dialog.cpp:72:1: high cyclomatic complexity [size|P2] Cyclomatic Complexity Number 14 exceeds limit of 10
/home/p230198/GitHubs/SearchAndDestroyChess/game_dialog.cpp:123:1: high cyclomatic complexity [size|P2] Cyclomatic Complexity Number 11 exceeds limit of 10
/home/p230198/GitHubs/SearchAndDestroyChess/game_dialog.cpp:318:1: high cyclomatic complexity [size|P2] Cyclomatic Complexity Number 19 exceeds limit of 10
/home/p230198/GitHubs/SearchAndDestroyChess/game_dialog.cpp:281:3: too few branches in switch statement [convention|P3] 
/home/p230198/GitHubs/SearchAndDestroyChess/game_dialog.cpp:93:25: redundant conditional operator [redundant|P3] 
/home/p230198/GitHubs/SearchAndDestroyChess/game_dialog.cpp:165:1: long method [size|P3] Method with 111 lines exceeds limit of 50
/home/p230198/GitHubs/SearchAndDestroyChess/game_dialog.cpp:318:1: long method [size|P3] Method with 52 lines exceeds limit of 50
/home/p230198/GitHubs/SearchAndDestroyChess/game_dialog.cpp:93:24: useless parentheses [redundant|P3] 
/home/p230198/GitHubs/SearchAndDestroyChess/game_dialog.cpp:285:14: constant conditional operator [basic|P2] 
/home/p230198/GitHubs/SearchAndDestroyChess/game_dialog.cpp:165:1: high ncss method [size|P2] Method of 47 non-commenting source statements exceeds limit of 30
/home/p230198/GitHubs/SearchAndDestroyChess/game_dialog.cpp:318:1: high ncss method [size|P2] Method of 47 non-commenting source statements exceeds limit of 30
/home/p230198/GitHubs/SearchAndDestroyChess/main.cpp:11:1: high cyclomatic complexity [size|P2] Cyclomatic Complexity Number 36 exceeds limit of 10
/home/p230198/GitHubs/SearchAndDestroyChess/main.cpp:31:7: too few branches in switch statement [convention|P3] 
/home/p230198/GitHubs/SearchAndDestroyChess/main.cpp:11:1: long method [size|P3] Method with 105 lines exceeds limit of 50
/home/p230198/GitHubs/SearchAndDestroyChess/main.cpp:11:1: high npath complexity [size|P2] NPath Complexity Number 501399553 exceeds limit of 200
/home/p230198/GitHubs/SearchAndDestroyChess/main.cpp:11:1: high ncss method [size|P2] Method of 88 non-commenting source statements exceeds limit of 30
/home/p230198/GitHubs/SearchAndDestroyChess/piece_color.cpp:10:3: too few branches in switch statement [convention|P3] 
/home/p230198/GitHubs/SearchAndDestroyChess/piece_color.cpp:15:3: constant conditional operator [basic|P2] 
/home/p230198/GitHubs/SearchAndDestroyChess/piece_type.cpp:20:3: constant conditional operator [basic|P2] 
/home/p230198/GitHubs/SearchAndDestroyChess/textures.cpp:22:1: long line [size|P3] Line with 104 characters exceeds limit of 100
/home/p230198/GitHubs/SearchAndDestroyChess/textures.cpp:23:1: long line [size|P3] Line with 101 characters exceeds limit of 100
/home/p230198/GitHubs/SearchAndDestroyChess/textures.cpp:24:1: long line [size|P3] Line with 102 characters exceeds limit of 100
/home/p230198/GitHubs/SearchAndDestroyChess/textures.cpp:25:1: long line [size|P3] Line with 101 characters exceeds limit of 100
/home/p230198/GitHubs/SearchAndDestroyChess/textures.cpp:4:1: high cyclomatic complexity [size|P2] Cyclomatic Complexity Number 17 exceeds limit of 10
/home/p230198/GitHubs/SearchAndDestroyChess/textures.cpp:54:1: high cyclomatic complexity [size|P2] Cyclomatic Complexity Number 15 exceeds limit of 10
/home/p230198/GitHubs/SearchAndDestroyChess/textures.cpp:46:3: too few branches in switch statement [convention|P3] 
/home/p230198/GitHubs/SearchAndDestroyChess/textures.cpp:4:1: high ncss method [size|P2] Method of 33 non-commenting source statements exceeds limit of 30
/home/p230198/GitHubs/SearchAndDestroyChess/textures.cpp:54:1: high ncss method [size|P2] Method of 31 non-commenting source statements exceeds limit of 30

[OCLint (http://oclint.org) v0.10.3]
